0 info it worked if it ends with ok
1 verbose cli [ 'C:\\Program Files\\nodejs\\\\node.exe',
1 verbose cli   'C:\\Program Files\\nodejs\\node_modules\\npm\\bin\\npm-cli.js',
1 verbose cli   'link',
1 verbose cli   'ergjs' ]
2 info using npm@2.10.1
3 info using node@v0.12.4
4 verbose install where, what [ 'C:\\Users\\justin\\AppData\\Roaming\\npm', [ 'ergjs' ] ]
5 verbose install initial load of C:\Users\justin\AppData\Roaming\npm\package.json
6 verbose installManyTop reading scoped package data from C:\Users\justin\AppData\Roaming\npm\node_modules\erg-js\package.json
7 verbose installManyTop reading scoped package data from C:\Users\justin\AppData\Roaming\npm\node_modules\grunt-cli\package.json
8 verbose installManyTop reading scoped package data from C:\Users\justin\AppData\Roaming\npm\node_modules\mocha\package.json
9 verbose installManyTop reading scoped package data from C:\Users\justin\AppData\Roaming\npm\node_modules\node-console-template\package.json
10 verbose installManyTop reading scoped package data from C:\Users\justin\AppData\Roaming\npm\node_modules\node-inspector\package.json
11 verbose installManyTop reading scoped package data from C:\Users\justin\AppData\Roaming\npm\node_modules\nodemon\package.json
12 verbose installManyTop reading scoped package data from C:\Users\justin\AppData\Roaming\npm\node_modules\rimraf\package.json
13 info package.json grunt-cli@0.1.13 No license field.
14 info package.json node-inspector@0.12.2 No license field.
15 info package.json node-console-template@0.0.1 No repository field.
16 info package.json node-console-template@0.0.1 No license field.
17 info package.json nodemon@1.3.7 No license field.
18 info package.json erg-js@0.0.1 No repository field.
19 info package.json erg-js@0.0.1 No README data
20 verbose readDependencies loading dependencies from C:\Users\justin\AppData\Roaming\npm\package.json
21 silly cache add args [ 'ergjs', null ]
22 verbose cache add spec ergjs
23 silly cache add parsed spec { raw: 'ergjs',
23 silly cache add   scope: null,
23 silly cache add   name: null,
23 silly cache add   rawSpec: 'ergjs',
23 silly cache add   spec: 'C:\\Users\\justin\\Working\\erg-js\\bin\\ergjs',
23 silly cache add   type: 'local' }
24 silly addLocalTarball shasum (computed) c0d6823081ed861d0ab669fdf3966df805270566
25 verbose addTmpTarball C:\Users\justin\Working\erg-js\bin\ergjs not in flight; adding
26 verbose addTmpTarball validating metadata from C:\Users\justin\Working\erg-js\bin\ergjs
27 verbose tar unpack C:\Users\justin\Working\erg-js\bin\ergjs
28 verbose tar unpacking to C:\Users\justin\AppData\Local\Temp\npm-6004-93881bfc\unpack-463105f77cb9
29 silly gentlyRm C:\Users\justin\AppData\Local\Temp\npm-6004-93881bfc\unpack-463105f77cb9 is being purged
30 verbose gentlyRm don't care about contents; nuking C:\Users\justin\AppData\Local\Temp\npm-6004-93881bfc\unpack-463105f77cb9
31 silly gunzTarPerm modes [ '777', '666' ]
32 error not a package C:\Users\justin\Working\erg-js\bin\ergjs
33 error addLocal Could not install C:\Users\justin\Working\erg-js\bin\ergjs
34 verbose stack Error: ENOENT, open 'C:\Users\justin\AppData\Local\Temp\npm-6004-93881bfc\unpack-463105f77cb9\package.json'
34 verbose stack     at Error (native)
35 verbose cwd C:\Users\justin\Working\erg-js\bin
36 error Windows_NT 6.3.9600
37 error argv "C:\\Program Files\\nodejs\\\\node.exe" "C:\\Program Files\\nodejs\\node_modules\\npm\\bin\\npm-cli.js" "link" "ergjs"
38 error node v0.12.4
39 error npm  v2.10.1
40 error path C:\Users\justin\AppData\Local\Temp\npm-6004-93881bfc\unpack-463105f77cb9\package.json
41 error code ENOENT
42 error errno -4058
43 error enoent ENOENT, open 'C:\Users\justin\AppData\Local\Temp\npm-6004-93881bfc\unpack-463105f77cb9\package.json'
43 error enoent This is most likely not a problem with npm itself
43 error enoent and is related to npm not being able to find a file.
44 verbose exit [ -4058, true ]
